<?xml version="1.0" encoding="UTF-8"?>
<!-- Generated by org.testng.reporters.JUnitReportReporter -->
<testsuite hostname="DESKTOP-47P2MTB" failures="0" tests="5" name="day1.HTTPRequests" time="9.290" errors="0" timestamp="2023-07-01T19:39:41 IST" skipped="0">
  <testcase classname="day1.HTTPRequests" name="updateUser" time="0.498"/>
  <system-out/>
  <testcase classname="day1.HTTPRequests" name="getUsers" time="6.075"/>
  <system-out/>
  <testcase classname="day1.HTTPRequests" name="createUser" time="1.718"/>
  <system-out/>
  <testcase classname="day1.HTTPRequests" name="createUser1" time="0.535"/>
  <system-out/>
  <testcase classname="day1.HTTPRequests" name="deleteUser" time="0.464"/>
  <system-out/>
</testsuite> <!-- day1.HTTPRequests -->
